<?xml version="1.0" encoding="UTF-8"?>
<!-- Generated by org.testng.reporters.JUnitReportReporter -->
<testsuite hostname="ip-172-31-25-243" failures="0" tests="3" name="testcases.LoginTest" time="27.953" errors="0" timestamp="20 Oct 2024 14:22:32 GMT" skipped="0">
  <testcase classname="testcases.LoginTest" name="TC02_LoginFailureTest" time="11.934"/>
  <testcase classname="testcases.LoginTest" name="TC02_LoginSuccessTest" time="7.071"/>
  <testcase classname="testcases.LoginTest" name="TC03_LoginFailureTest" time="8.948"/>
</testsuite> <!-- testcases.LoginTest -->
