<?xml version="1.0" encoding="UTF-8"?>
<!-- Generated by org.testng.reporters.JUnitReportReporter -->
<testsuite hostname="ip-172-31-25-243" failures="0" tests="1" name="testcases.LoginTest" time="10.392" errors="0" timestamp="21 Jul 2024 16:43:02 GMT" skipped="0">
  <testcase classname="testcases.LoginTest" name="TC02_LoginFailureTest" time="10.392"/>
</testsuite> <!-- testcases.LoginTest -->
