<?xml version="1.0" encoding="UTF-8"?>
<!-- Generated by org.testng.reporters.JUnitReportReporter -->
<testsuite hostname="ip-172-31-25-243" failures="0" tests="3" name="testcases.LoginTest" time="25.159" errors="0" timestamp="20 Oct 2024 14:23:13 GMT" skipped="0">
  <testcase classname="testcases.LoginTest" name="TC02_LoginSuccessTest" time="8.087"/>
  <testcase classname="testcases.LoginTest" name="TC03_LoginFailureTest" time="7.622"/>
  <testcase classname="testcases.LoginTest" name="TC02_LoginFailureTest" time="9.450"/>
</testsuite> <!-- testcases.LoginTest -->
