<?xml version="1.0" encoding="UTF-8"?>
<!-- Generated by org.testng.reporters.JUnitReportReporter -->
<testsuite hostname="ip-172-31-25-243" failures="0" tests="3" name="testcases.LoginTest" time="33.243" errors="0" timestamp="19 Oct 2024 17:12:47 GMT" skipped="0">
  <testcase classname="testcases.LoginTest" name="TC03_LoginFailureTest" time="9.627"/>
  <testcase classname="testcases.LoginTest" name="TC02_LoginSuccessTest" time="10.964"/>
  <testcase classname="testcases.LoginTest" name="TC02_LoginFailureTest" time="12.652"/>
</testsuite> <!-- testcases.LoginTest -->
